# timestamp | duration | file | instruction | dir | modtime | etag | size | fileId | status | errorString | http result code | other size | other modtime | other etag | other fileId | other instruction
#=#=#=# Syncrun started  until  (0 msec)
|0|htcaccess.php|INST_REMOVE|Up|1469445823|672078b47a977fd75761434620a1c35b|2343|00206317oc9eb3yys5f9|6|The item is not synced because of previous errors: Error downloading http://192.168.1.199/remote.php/webdav/universite/htcaccess.php - server replied: Forbidden|0|0|0|||INST_NONE|
#=#=#=# Syncrun started  until  (0 msec)
|0|.git|INST_SYNC|Up|1471711519||578||4||0|0|1471711404|57b770d7b9d2f|00225137oc9eb3yys5f9|INST_NONE|
20:51:03|1235|.git/FETCH_HEAD|INST_SYNC|Up|1471711695||100||4||204|100|1471711395|9bb3571955920739527577d7cc9ebbfe|00225142oc9eb3yys5f9|INST_NONE|
|0|htcaccess.php|INST_REMOVE|Up|1469445823|672078b47a977fd75761434620a1c35b|2343|00206317oc9eb3yys5f9|6|The item is not synced because of previous errors: Error downloading http://192.168.1.199/remote.php/webdav/universite/htcaccess.php - server replied: Forbidden|0|0|0|||INST_NONE|
#=#=#=# Syncrun started  until  (0 msec)
|0|htcaccess.php|INST_REMOVE|Up|1469445823|672078b47a977fd75761434620a1c35b|2343|00206317oc9eb3yys5f9|6|The item is not synced because of previous errors: Error downloading http://192.168.1.199/remote.php/webdav/universite/htcaccess.php - server replied: Forbidden|0|0|0|||INST_NONE|
#=#=#=# Syncrun started  until  (0 msec)
20:53:22|720|file/arsiv/sql/yedek|INST_NEW|Up|1471711832||68||4||201|0|0|||INST_NONE|
|0|htcaccess.php|INST_REMOVE|Up|1469445823|672078b47a977fd75761434620a1c35b|2343|00206317oc9eb3yys5f9|6|The item is not synced because of previous errors: Error downloading http://192.168.1.199/remote.php/webdav/universite/htcaccess.php - server replied: Forbidden|0|0|0|||INST_NONE|
#=#=#=# Syncrun started  until  (0 msec)
20:53:30|2221|file/arsiv/sql/arc.sql|INST_RENAME|Up|1471711396|a40fdda40b7d7565f9db4dbbd89e21f2|29899|00229219oc9eb3yys5f9|4||201|0|0|||INST_NONE|
20:53:30|1554|file/arsiv/sql/arca.sql|INST_RENAME|Up|1470824524|ebc6990b4cbb4121c3c53296dfeffdc7|114365|00224762oc9eb3yys5f9|4||201|0|0|||INST_NONE|
20:53:30|2939|file/arsiv/sql/arca_uni.sql|INST_RENAME|Up|1471711396|5eb9aa7ac794c305e416b56845d343fe|1399337|00229241oc9eb3yys5f9|4||201|0|0|||INST_NONE|
20:53:31|1563|file/arsiv/sql/dep.txt|INST_RENAME|Up|1470305227|38b0da9c7f31e6a77035df29dcd5686d|260|00224065oc9eb3yys5f9|4||201|0|0|||INST_NONE|
20:53:32|2044|file/arsiv/sql/emre.sql|INST_RENAME|Up|1470746136|b7f0b85514320b361cf5177383aa1b2e|268236|00224410oc9eb3yys5f9|4||201|0|0|||INST_NONE|
20:53:33|1888|file/arsiv/sql/emrecan.sql|INST_RENAME|Up|1471711396|0ad58ba29b384ea08e883890665654d6|324400|00229244oc9eb3yys5f9|4||201|0|0|||INST_NONE|
20:53:33|1904|file/arsiv/sql/emree.sql|INST_RENAME|Up|1470821078|2f3db4c3d93f23760592308c5132b249|30666|00224411oc9eb3yys5f9|4||201|0|0|||INST_NONE|
20:53:34|1945|file/arsiv/sql/logo120.sql|INST_RENAME|Up|1471711396|305047c34f1b0ab7573074ddebead722|175818|00229292oc9eb3yys5f9|4||201|0|0|||INST_NONE|
20:53:34|1895|file/arsiv/sql/logo153.sql|INST_RENAME|Up|1471711396|785f905de9894844f7f03f7b9f64d0b6|177994|00229293oc9eb3yys5f9|4||201|0|0|||INST_NONE|
20:53:35|2212|file/arsiv/sql/logofinish.sql|INST_RENAME|Up|1471711396|bfb1bc72b73c19f4dd78fb3ec4ee861e|181392|00229309oc9eb3yys5f9|4||201|0|0|||INST_NONE|
20:53:36|1736|file/arsiv/sql/logoson.sql|INST_RENAME|Up|1471711396|d7530581eaf963134751923a04597323|147707|00229294oc9eb3yys5f9|4||201|0|0|||INST_NONE|
20:53:36|1735|file/arsiv/sql/social.sql|INST_RENAME|Up|1471711396|4b1260a81ab6fd7c076e16c4e0194c08|168213|00229283oc9eb3yys5f9|4||201|0|0|||INST_NONE|
20:53:37|1833|file/arsiv/sql/social1.sql|INST_RENAME|Up|1471711396|6128a83d45c78356c3f331bf1e46a428|2985439|00229285oc9eb3yys5f9|4||201|0|0|||INST_NONE|
20:53:38|1839|file/arsiv/sql/uni.sql|INST_RENAME|Up|1470850072|d3a13e4bcfece3363a165b7ac7fe3872|114365|00224369oc9eb3yys5f9|4||201|0|0|||INST_NONE|
20:53:38|2044|file/arsiv/sql/yeni-konumlar.sql|INST_RENAME|Up|1471711396|6667996a463174e603113b5892b2eedd|6318|00229216oc9eb3yys5f9|4||201|0|0|||INST_NONE|
20:53:39|1433|file/arsiv/sql/üni.sql|INST_RENAME|Up|1470302851|a7080f32cdcd6f294a45294abf9b5268|40139|00224064oc9eb3yys5f9|4||201|0|0|||INST_NONE|
|0|htcaccess.php|INST_REMOVE|Up|1469445823|672078b47a977fd75761434620a1c35b|2343|00206317oc9eb3yys5f9|6|The item is not synced because of previous errors: Error downloading http://192.168.1.199/remote.php/webdav/universite/htcaccess.php - server replied: Forbidden|0|0|0|||INST_NONE|
#=#=#=# Syncrun started  until  (0 msec)
20:53:49|1271|file/arsiv/sql/uni_son.sql|INST_NEW|Up|1471711818||1416082||4||201|0|0|||INST_NONE|
|0|htcaccess.php|INST_REMOVE|Up|1469445823|672078b47a977fd75761434620a1c35b|2343|00206317oc9eb3yys5f9|6|The item is not synced because of previous errors: Error downloading http://192.168.1.199/remote.php/webdav/universite/htcaccess.php - server replied: Forbidden|0|0|0|||INST_NONE|
